CUDA is available. GPU: NVIDIA A10, CUDA Version: 11.8
Training with lr: 0.001, batch_size: 128
Epoch [1/70], Train Loss: 0.7155, Valid Loss: 0.7917, Train Accuracy: 52.34%, Valid Accuracy: 55.49%
Epoch [2/70], Train Loss: 0.7027, Valid Loss: 0.7162, Train Accuracy: 54.92%, Valid Accuracy: 54.27%
Epoch [3/70], Train Loss: 0.6691, Valid Loss: 0.6982, Train Accuracy: 60.34%, Valid Accuracy: 58.54%
Epoch [4/70], Train Loss: 0.6588, Valid Loss: 0.6207, Train Accuracy: 63.39%, Valid Accuracy: 54.88%
Epoch [5/70], Train Loss: 0.6491, Valid Loss: 0.6210, Train Accuracy: 64.14%, Valid Accuracy: 59.76%
Epoch [6/70], Train Loss: 0.6285, Valid Loss: 0.5661, Train Accuracy: 65.97%, Valid Accuracy: 57.32%
Epoch [7/70], Train Loss: 0.6288, Valid Loss: 0.5267, Train Accuracy: 68.00%, Valid Accuracy: 64.02%
Epoch [8/70], Train Loss: 0.5996, Valid Loss: 0.5349, Train Accuracy: 68.61%, Valid Accuracy: 68.90%
Epoch [9/70], Train Loss: 0.5685, Valid Loss: 0.6220, Train Accuracy: 69.97%, Valid Accuracy: 68.90%
Epoch [10/70], Train Loss: 0.5954, Valid Loss: 0.5986, Train Accuracy: 68.27%, Valid Accuracy: 65.85%
Epoch [11/70], Train Loss: 0.5992, Valid Loss: 0.5484, Train Accuracy: 69.29%, Valid Accuracy: 67.07%
Epoch [12/70], Train Loss: 0.5685, Valid Loss: 0.8031, Train Accuracy: 71.86%, Valid Accuracy: 65.24%
Epoch [13/70], Train Loss: 0.5572, Valid Loss: 0.5671, Train Accuracy: 71.12%, Valid Accuracy: 70.12%
Epoch [14/70], Train Loss: 0.5153, Valid Loss: 0.5428, Train Accuracy: 74.85%, Valid Accuracy: 66.46%
Epoch [15/70], Train Loss: 0.5318, Valid Loss: 0.6165, Train Accuracy: 73.29%, Valid Accuracy: 65.85%
Epoch [16/70], Train Loss: 0.5027, Valid Loss: 0.7426, Train Accuracy: 75.73%, Valid Accuracy: 66.46%
Epoch [17/70], Train Loss: 0.5174, Valid Loss: 0.5220, Train Accuracy: 75.39%, Valid Accuracy: 71.34%
Epoch [18/70], Train Loss: 0.5027, Valid Loss: 0.6707, Train Accuracy: 75.53%, Valid Accuracy: 70.73%
Epoch [19/70], Train Loss: 0.5085, Valid Loss: 0.6729, Train Accuracy: 77.63%, Valid Accuracy: 72.56%
Epoch [20/70], Train Loss: 0.4849, Valid Loss: 0.4899, Train Accuracy: 78.51%, Valid Accuracy: 75.61%
Training with lr: 0.001, batch_size: 256
Epoch [1/70], Train Loss: 0.7511, Valid Loss: 0.6708, Train Accuracy: 50.92%, Valid Accuracy: 55.49%
Epoch [2/70], Train Loss: 0.6686, Valid Loss: 0.8192, Train Accuracy: 59.59%, Valid Accuracy: 54.27%
Epoch [3/70], Train Loss: 0.6661, Valid Loss: 0.6498, Train Accuracy: 60.68%, Valid Accuracy: 62.20%
Epoch [4/70], Train Loss: 0.6393, Valid Loss: 0.6514, Train Accuracy: 63.66%, Valid Accuracy: 62.80%
Epoch [5/70], Train Loss: 0.6164, Valid Loss: 0.6467, Train Accuracy: 66.98%, Valid Accuracy: 57.32%
Epoch [6/70], Train Loss: 0.5767, Valid Loss: 0.6982, Train Accuracy: 71.93%, Valid Accuracy: 61.59%
Epoch [7/70], Train Loss: 0.6123, Valid Loss: 0.6333, Train Accuracy: 68.34%, Valid Accuracy: 62.20%
Epoch [8/70], Train Loss: 0.5884, Valid Loss: 0.6560, Train Accuracy: 71.46%, Valid Accuracy: 63.41%
Epoch [9/70], Train Loss: 0.5736, Valid Loss: 0.5929, Train Accuracy: 72.14%, Valid Accuracy: 66.46%
Epoch [10/70], Train Loss: 0.5591, Valid Loss: 0.5959, Train Accuracy: 74.24%, Valid Accuracy: 68.29%
Epoch [11/70], Train Loss: 0.5305, Valid Loss: 0.5961, Train Accuracy: 75.05%, Valid Accuracy: 71.34%
Epoch [12/70], Train Loss: 0.5098, Valid Loss: 0.6897, Train Accuracy: 75.53%, Valid Accuracy: 62.80%
Epoch [13/70], Train Loss: 0.5198, Valid Loss: 0.6030, Train Accuracy: 76.20%, Valid Accuracy: 67.07%
Epoch [14/70], Train Loss: 0.5044, Valid Loss: 0.5738, Train Accuracy: 76.27%, Valid Accuracy: 70.12%
Epoch [15/70], Train Loss: 0.4915, Valid Loss: 0.5043, Train Accuracy: 77.36%, Valid Accuracy: 76.83%
Epoch [16/70], Train Loss: 0.4640, Valid Loss: 0.5845, Train Accuracy: 78.78%, Valid Accuracy: 70.12%
Epoch [17/70], Train Loss: 0.4537, Valid Loss: 0.5089, Train Accuracy: 78.98%, Valid Accuracy: 71.34%
Epoch [18/70], Train Loss: 0.4907, Valid Loss: 0.6127, Train Accuracy: 78.03%, Valid Accuracy: 67.68%
Epoch [19/70], Train Loss: 0.4641, Valid Loss: 0.5698, Train Accuracy: 80.14%, Valid Accuracy: 67.07%
Epoch [20/70], Train Loss: 0.4481, Valid Loss: 0.5779, Train Accuracy: 80.20%, Valid Accuracy: 70.73%
Training with lr: 0.001, batch_size: 512
Epoch [1/70], Train Loss: 0.7961, Valid Loss: 0.6917, Train Accuracy: 49.56%, Valid Accuracy: 49.39%
Epoch [2/70], Train Loss: 0.7025, Valid Loss: 0.6844, Train Accuracy: 49.56%, Valid Accuracy: 55.49%
Epoch [3/70], Train Loss: 0.6915, Valid Loss: 0.6942, Train Accuracy: 53.29%, Valid Accuracy: 53.05%
Epoch [4/70], Train Loss: 0.6802, Valid Loss: 0.7163, Train Accuracy: 57.22%, Valid Accuracy: 51.83%
Epoch [5/70], Train Loss: 0.6610, Valid Loss: 0.7984, Train Accuracy: 62.58%, Valid Accuracy: 50.00%
Epoch [6/70], Train Loss: 0.6558, Valid Loss: 0.7836, Train Accuracy: 63.39%, Valid Accuracy: 50.00%
Epoch [7/70], Train Loss: 0.6377, Valid Loss: 0.7682, Train Accuracy: 65.22%, Valid Accuracy: 50.61%
Epoch [8/70], Train Loss: 0.6224, Valid Loss: 0.7300, Train Accuracy: 66.31%, Valid Accuracy: 52.44%
Epoch [9/70], Train Loss: 0.6122, Valid Loss: 0.7247, Train Accuracy: 69.83%, Valid Accuracy: 59.15%
Epoch [10/70], Train Loss: 0.5817, Valid Loss: 0.7431, Train Accuracy: 71.46%, Valid Accuracy: 54.88%
Epoch [11/70], Train Loss: 0.5606, Valid Loss: 0.7269, Train Accuracy: 70.92%, Valid Accuracy: 51.83%
Epoch [12/70], Train Loss: 0.5394, Valid Loss: 0.6476, Train Accuracy: 73.90%, Valid Accuracy: 63.41%
Epoch [13/70], Train Loss: 0.5339, Valid Loss: 0.6332, Train Accuracy: 73.69%, Valid Accuracy: 65.24%
Epoch [14/70], Train Loss: 0.5225, Valid Loss: 0.5993, Train Accuracy: 73.83%, Valid Accuracy: 68.29%
Epoch [15/70], Train Loss: 0.5175, Valid Loss: 0.6977, Train Accuracy: 76.00%, Valid Accuracy: 59.76%
Epoch [16/70], Train Loss: 0.5125, Valid Loss: 0.5859, Train Accuracy: 76.27%, Valid Accuracy: 71.34%
Epoch [17/70], Train Loss: 0.4917, Valid Loss: 0.6313, Train Accuracy: 77.08%, Valid Accuracy: 64.63%
Epoch [18/70], Train Loss: 0.4648, Valid Loss: 0.5786, Train Accuracy: 78.37%, Valid Accuracy: 68.90%
Epoch [19/70], Train Loss: 0.4574, Valid Loss: 0.6299, Train Accuracy: 80.20%, Valid Accuracy: 67.68%
Epoch [20/70], Train Loss: 0.4385, Valid Loss: 0.5753, Train Accuracy: 80.07%, Valid Accuracy: 68.90%
Training with lr: 0.0005, batch_size: 128
Epoch [1/70], Train Loss: 0.6940, Valid Loss: 0.7610, Train Accuracy: 54.85%, Valid Accuracy: 50.61%
Epoch [2/70], Train Loss: 0.6755, Valid Loss: 0.6954, Train Accuracy: 60.34%, Valid Accuracy: 60.98%
Epoch [3/70], Train Loss: 0.6518, Valid Loss: 0.6663, Train Accuracy: 63.93%, Valid Accuracy: 54.88%
Epoch [4/70], Train Loss: 0.6307, Valid Loss: 0.6010, Train Accuracy: 64.14%, Valid Accuracy: 64.63%
Epoch [5/70], Train Loss: 0.6177, Valid Loss: 0.7244, Train Accuracy: 69.15%, Valid Accuracy: 56.10%
Epoch [6/70], Train Loss: 0.5936, Valid Loss: 0.6361, Train Accuracy: 69.63%, Valid Accuracy: 64.02%
Epoch [7/70], Train Loss: 0.5794, Valid Loss: 0.5354, Train Accuracy: 70.85%, Valid Accuracy: 66.46%
Epoch [8/70], Train Loss: 0.5241, Valid Loss: 0.5986, Train Accuracy: 73.90%, Valid Accuracy: 73.17%
Epoch [9/70], Train Loss: 0.5392, Valid Loss: 0.5797, Train Accuracy: 73.90%, Valid Accuracy: 70.12%
Epoch [10/70], Train Loss: 0.5181, Valid Loss: 0.5482, Train Accuracy: 75.39%, Valid Accuracy: 68.29%
Epoch [11/70], Train Loss: 0.5135, Valid Loss: 0.4632, Train Accuracy: 77.83%, Valid Accuracy: 65.85%
Epoch [12/70], Train Loss: 0.4843, Valid Loss: 0.5456, Train Accuracy: 76.47%, Valid Accuracy: 69.51%
Epoch [13/70], Train Loss: 0.4653, Valid Loss: 0.5098, Train Accuracy: 78.64%, Valid Accuracy: 76.83%
Epoch [14/70], Train Loss: 0.4786, Valid Loss: 0.4844, Train Accuracy: 77.22%, Valid Accuracy: 76.22%
Epoch [15/70], Train Loss: 0.4475, Valid Loss: 0.5565, Train Accuracy: 79.46%, Valid Accuracy: 66.46%
Epoch [16/70], Train Loss: 0.4608, Valid Loss: 0.5347, Train Accuracy: 78.64%, Valid Accuracy: 74.39%
Epoch [17/70], Train Loss: 0.3988, Valid Loss: 0.6167, Train Accuracy: 81.63%, Valid Accuracy: 68.29%
Epoch [18/70], Train Loss: 0.4328, Valid Loss: 0.4834, Train Accuracy: 79.59%, Valid Accuracy: 73.17%
Epoch [19/70], Train Loss: 0.4348, Valid Loss: 0.8195, Train Accuracy: 81.29%, Valid Accuracy: 62.20%
Epoch [20/70], Train Loss: 0.3691, Valid Loss: 0.5753, Train Accuracy: 83.66%, Valid Accuracy: 71.34%
Training with lr: 0.0005, batch_size: 256
Epoch [1/70], Train Loss: 0.6960, Valid Loss: 0.6846, Train Accuracy: 53.42%, Valid Accuracy: 56.71%
Epoch [2/70], Train Loss: 0.6704, Valid Loss: 0.7670, Train Accuracy: 58.98%, Valid Accuracy: 49.39%
Epoch [3/70], Train Loss: 0.6722, Valid Loss: 0.7005, Train Accuracy: 60.20%, Valid Accuracy: 54.27%
Epoch [4/70], Train Loss: 0.6458, Valid Loss: 0.7219, Train Accuracy: 64.20%, Valid Accuracy: 56.71%
Epoch [5/70], Train Loss: 0.6314, Valid Loss: 0.6717, Train Accuracy: 66.31%, Valid Accuracy: 57.32%
Epoch [6/70], Train Loss: 0.6104, Valid Loss: 0.6798, Train Accuracy: 66.51%, Valid Accuracy: 64.02%
Epoch [7/70], Train Loss: 0.5828, Valid Loss: 0.6150, Train Accuracy: 70.31%, Valid Accuracy: 64.02%
Epoch [8/70], Train Loss: 0.5591, Valid Loss: 0.6633, Train Accuracy: 71.53%, Valid Accuracy: 63.41%
Epoch [9/70], Train Loss: 0.5364, Valid Loss: 0.6043, Train Accuracy: 74.37%, Valid Accuracy: 68.29%
Epoch [10/70], Train Loss: 0.4904, Valid Loss: 0.6675, Train Accuracy: 77.15%, Valid Accuracy: 60.98%
Epoch [11/70], Train Loss: 0.5172, Valid Loss: 0.6877, Train Accuracy: 75.05%, Valid Accuracy: 65.85%
Epoch [12/70], Train Loss: 0.4946, Valid Loss: 0.5687, Train Accuracy: 77.08%, Valid Accuracy: 72.56%
Epoch [13/70], Train Loss: 0.4496, Valid Loss: 0.5781, Train Accuracy: 79.59%, Valid Accuracy: 71.95%
Epoch [14/70], Train Loss: 0.4317, Valid Loss: 0.6734, Train Accuracy: 80.20%, Valid Accuracy: 65.24%
Epoch [15/70], Train Loss: 0.4347, Valid Loss: 0.5962, Train Accuracy: 81.22%, Valid Accuracy: 72.56%
Epoch [16/70], Train Loss: 0.4239, Valid Loss: 0.6271, Train Accuracy: 80.75%, Valid Accuracy: 65.85%
Epoch [17/70], Train Loss: 0.4116, Valid Loss: 0.5813, Train Accuracy: 81.15%, Valid Accuracy: 68.90%
Epoch [18/70], Train Loss: 0.4028, Valid Loss: 0.5133, Train Accuracy: 81.63%, Valid Accuracy: 75.61%
Epoch [19/70], Train Loss: 0.3685, Valid Loss: 0.5899, Train Accuracy: 83.39%, Valid Accuracy: 75.61%
Epoch [20/70], Train Loss: 0.3447, Valid Loss: 0.5761, Train Accuracy: 85.76%, Valid Accuracy: 72.56%
Training with lr: 0.0005, batch_size: 512
Epoch [1/70], Train Loss: 0.7158, Valid Loss: 0.6944, Train Accuracy: 47.46%, Valid Accuracy: 50.00%
Epoch [2/70], Train Loss: 0.6850, Valid Loss: 0.6959, Train Accuracy: 54.37%, Valid Accuracy: 47.56%
Epoch [3/70], Train Loss: 0.6868, Valid Loss: 0.7153, Train Accuracy: 57.49%, Valid Accuracy: 50.00%
Epoch [4/70], Train Loss: 0.6685, Valid Loss: 0.7497, Train Accuracy: 59.25%, Valid Accuracy: 50.00%
Epoch [5/70], Train Loss: 0.6455, Valid Loss: 0.7654, Train Accuracy: 63.59%, Valid Accuracy: 51.22%
Epoch [6/70], Train Loss: 0.6423, Valid Loss: 0.7344, Train Accuracy: 64.81%, Valid Accuracy: 51.22%
Epoch [7/70], Train Loss: 0.6148, Valid Loss: 0.7172, Train Accuracy: 68.54%, Valid Accuracy: 53.66%
Epoch [8/70], Train Loss: 0.5826, Valid Loss: 0.6710, Train Accuracy: 69.83%, Valid Accuracy: 60.98%
Epoch [9/70], Train Loss: 0.5577, Valid Loss: 0.7489, Train Accuracy: 71.46%, Valid Accuracy: 60.98%
Epoch [10/70], Train Loss: 0.5429, Valid Loss: 0.6489, Train Accuracy: 73.29%, Valid Accuracy: 63.41%
Epoch [11/70], Train Loss: 0.4985, Valid Loss: 0.7023, Train Accuracy: 77.02%, Valid Accuracy: 65.85%
Epoch [12/70], Train Loss: 0.4869, Valid Loss: 0.7163, Train Accuracy: 75.66%, Valid Accuracy: 64.63%
Epoch [13/70], Train Loss: 0.5291, Valid Loss: 0.6173, Train Accuracy: 74.92%, Valid Accuracy: 63.41%
Epoch [14/70], Train Loss: 0.4902, Valid Loss: 0.6043, Train Accuracy: 76.41%, Valid Accuracy: 66.46%
Epoch [15/70], Train Loss: 0.4619, Valid Loss: 0.6043, Train Accuracy: 78.31%, Valid Accuracy: 68.29%
Epoch [16/70], Train Loss: 0.4396, Valid Loss: 0.6980, Train Accuracy: 80.54%, Valid Accuracy: 66.46%
Epoch [17/70], Train Loss: 0.4791, Valid Loss: 0.5640, Train Accuracy: 77.90%, Valid Accuracy: 70.12%
Epoch [18/70], Train Loss: 0.4442, Valid Loss: 0.5543, Train Accuracy: 79.39%, Valid Accuracy: 68.29%
Epoch [19/70], Train Loss: 0.4547, Valid Loss: 0.5493, Train Accuracy: 79.93%, Valid Accuracy: 72.56%
Epoch [20/70], Train Loss: 0.3761, Valid Loss: 0.5691, Train Accuracy: 83.32%, Valid Accuracy: 71.34%
Training with lr: 0.0001, batch_size: 128
Epoch [1/70], Train Loss: 0.6936, Valid Loss: 0.7170, Train Accuracy: 49.90%, Valid Accuracy: 50.00%
Epoch [2/70], Train Loss: 0.6793, Valid Loss: 0.7493, Train Accuracy: 58.31%, Valid Accuracy: 54.88%
Epoch [3/70], Train Loss: 0.6661, Valid Loss: 0.7279, Train Accuracy: 59.53%, Valid Accuracy: 57.93%
Epoch [4/70], Train Loss: 0.6515, Valid Loss: 0.7527, Train Accuracy: 61.36%, Valid Accuracy: 60.37%
Epoch [5/70], Train Loss: 0.6385, Valid Loss: 0.7013, Train Accuracy: 64.20%, Valid Accuracy: 62.80%
Epoch [6/70], Train Loss: 0.6412, Valid Loss: 0.6362, Train Accuracy: 62.10%, Valid Accuracy: 70.12%
Epoch [7/70], Train Loss: 0.5911, Valid Loss: 0.7593, Train Accuracy: 69.02%, Valid Accuracy: 57.93%
Epoch [8/70], Train Loss: 0.5488, Valid Loss: 0.6378, Train Accuracy: 73.08%, Valid Accuracy: 71.34%
Epoch [9/70], Train Loss: 0.5420, Valid Loss: 0.7737, Train Accuracy: 73.49%, Valid Accuracy: 65.24%
Epoch [10/70], Train Loss: 0.5425, Valid Loss: 0.6651, Train Accuracy: 72.07%, Valid Accuracy: 62.20%
Epoch [11/70], Train Loss: 0.5177, Valid Loss: 0.5925, Train Accuracy: 73.63%, Valid Accuracy: 68.29%
Epoch [12/70], Train Loss: 0.5341, Valid Loss: 0.5882, Train Accuracy: 75.73%, Valid Accuracy: 65.24%
Epoch [13/70], Train Loss: 0.5106, Valid Loss: 0.6167, Train Accuracy: 76.27%, Valid Accuracy: 67.07%
Epoch [14/70], Train Loss: 0.4528, Valid Loss: 0.7110, Train Accuracy: 79.66%, Valid Accuracy: 69.51%
Epoch [15/70], Train Loss: 0.4455, Valid Loss: 0.5266, Train Accuracy: 79.46%, Valid Accuracy: 70.12%
Epoch [16/70], Train Loss: 0.4594, Valid Loss: 0.5549, Train Accuracy: 79.05%, Valid Accuracy: 67.07%
Epoch [17/70], Train Loss: 0.4486, Valid Loss: 0.5784, Train Accuracy: 78.64%, Valid Accuracy: 67.68%
Epoch [18/70], Train Loss: 0.4218, Valid Loss: 0.5083, Train Accuracy: 80.54%, Valid Accuracy: 69.51%
Early stopping triggered after 18 epochs.
Training with lr: 0.0001, batch_size: 256
Epoch [1/70], Train Loss: 0.6931, Valid Loss: 0.6919, Train Accuracy: 51.86%, Valid Accuracy: 56.10%
Epoch [2/70], Train Loss: 0.6845, Valid Loss: 0.6919, Train Accuracy: 55.32%, Valid Accuracy: 51.22%
Epoch [3/70], Train Loss: 0.6728, Valid Loss: 0.7038, Train Accuracy: 58.71%, Valid Accuracy: 50.61%
Epoch [4/70], Train Loss: 0.6680, Valid Loss: 0.7094, Train Accuracy: 60.47%, Valid Accuracy: 51.22%
Epoch [5/70], Train Loss: 0.6485, Valid Loss: 0.6824, Train Accuracy: 62.58%, Valid Accuracy: 56.10%
Epoch [6/70], Train Loss: 0.6390, Valid Loss: 0.6746, Train Accuracy: 64.54%, Valid Accuracy: 57.93%
Epoch [7/70], Train Loss: 0.6251, Valid Loss: 0.6576, Train Accuracy: 65.49%, Valid Accuracy: 63.41%
Epoch [8/70], Train Loss: 0.6103, Valid Loss: 0.6197, Train Accuracy: 67.05%, Valid Accuracy: 67.68%
Epoch [9/70], Train Loss: 0.5815, Valid Loss: 0.6905, Train Accuracy: 70.03%, Valid Accuracy: 64.63%
Epoch [10/70], Train Loss: 0.5758, Valid Loss: 0.7462, Train Accuracy: 70.71%, Valid Accuracy: 57.32%
Epoch [11/70], Train Loss: 0.5773, Valid Loss: 0.6597, Train Accuracy: 69.49%, Valid Accuracy: 65.85%
Epoch [12/70], Train Loss: 0.5360, Valid Loss: 0.6843, Train Accuracy: 73.22%, Valid Accuracy: 67.07%
Epoch [13/70], Train Loss: 0.5267, Valid Loss: 0.5730, Train Accuracy: 73.49%, Valid Accuracy: 71.34%
Epoch [14/70], Train Loss: 0.5177, Valid Loss: 0.6755, Train Accuracy: 74.24%, Valid Accuracy: 62.20%
Epoch [15/70], Train Loss: 0.4715, Valid Loss: 0.6816, Train Accuracy: 77.90%, Valid Accuracy: 64.63%
Epoch [16/70], Train Loss: 0.4425, Valid Loss: 0.5824, Train Accuracy: 80.20%, Valid Accuracy: 74.39%
Epoch [17/70], Train Loss: 0.4281, Valid Loss: 0.5076, Train Accuracy: 79.46%, Valid Accuracy: 73.78%
Epoch [18/70], Train Loss: 0.4498, Valid Loss: 0.6297, Train Accuracy: 79.53%, Valid Accuracy: 68.90%
Epoch [19/70], Train Loss: 0.4589, Valid Loss: 0.6629, Train Accuracy: 77.90%, Valid Accuracy: 64.63%
Epoch [20/70], Train Loss: 0.4076, Valid Loss: 0.6385, Train Accuracy: 81.97%, Valid Accuracy: 67.68%
Training with lr: 0.0001, batch_size: 512
Epoch [1/70], Train Loss: 0.6925, Valid Loss: 0.6914, Train Accuracy: 52.47%, Valid Accuracy: 50.61%
Epoch [2/70], Train Loss: 0.6848, Valid Loss: 0.6929, Train Accuracy: 57.83%, Valid Accuracy: 50.61%
Epoch [3/70], Train Loss: 0.6798, Valid Loss: 0.6953, Train Accuracy: 57.90%, Valid Accuracy: 50.61%
Epoch [4/70], Train Loss: 0.6671, Valid Loss: 0.6981, Train Accuracy: 60.07%, Valid Accuracy: 50.61%
Epoch [5/70], Train Loss: 0.6669, Valid Loss: 0.7028, Train Accuracy: 60.20%, Valid Accuracy: 50.61%
Epoch [6/70], Train Loss: 0.6543, Valid Loss: 0.7122, Train Accuracy: 62.31%, Valid Accuracy: 50.00%
Epoch [7/70], Train Loss: 0.6476, Valid Loss: 0.7132, Train Accuracy: 63.46%, Valid Accuracy: 50.61%
Epoch [8/70], Train Loss: 0.6389, Valid Loss: 0.7159, Train Accuracy: 63.32%, Valid Accuracy: 50.61%
Epoch [9/70], Train Loss: 0.6252, Valid Loss: 0.7068, Train Accuracy: 64.07%, Valid Accuracy: 54.27%
Epoch [10/70], Train Loss: 0.6083, Valid Loss: 0.7063, Train Accuracy: 68.07%, Valid Accuracy: 55.49%
Epoch [11/70], Train Loss: 0.5818, Valid Loss: 0.6910, Train Accuracy: 70.10%, Valid Accuracy: 59.15%
Epoch [12/70], Train Loss: 0.5735, Valid Loss: 0.7733, Train Accuracy: 69.22%, Valid Accuracy: 53.66%
Epoch [13/70], Train Loss: 0.5490, Valid Loss: 0.6619, Train Accuracy: 72.75%, Valid Accuracy: 63.41%
Epoch [14/70], Train Loss: 0.5400, Valid Loss: 0.7511, Train Accuracy: 73.22%, Valid Accuracy: 57.32%
Epoch [15/70], Train Loss: 0.5045, Valid Loss: 0.6110, Train Accuracy: 75.66%, Valid Accuracy: 69.51%
Epoch [16/70], Train Loss: 0.4931, Valid Loss: 0.6706, Train Accuracy: 76.27%, Valid Accuracy: 65.24%
Epoch [17/70], Train Loss: 0.4942, Valid Loss: 0.6283, Train Accuracy: 76.61%, Valid Accuracy: 70.12%
Epoch [18/70], Train Loss: 0.4981, Valid Loss: 0.6936, Train Accuracy: 76.61%, Valid Accuracy: 65.24%
Epoch [19/70], Train Loss: 0.4642, Valid Loss: 0.6551, Train Accuracy: 79.39%, Valid Accuracy: 66.46%
Epoch [20/70], Train Loss: 0.4576, Valid Loss: 0.6435, Train Accuracy: 78.98%, Valid Accuracy: 71.34%
Best Validation Accuracy: 76.82926829268293
Best Parameters: {'lr': 0.001, 'batch_size': 256}
